Disk Report - Sat Sep 20 18:59:21 UTC 2025
Filesystem      Size  Used Avail Use% Mounted on
tmpfs           392M  2.0M  390M   1% /run
/dev/sr0        5.9G  5.9G     0 100% /cdrom
/cow            2.0G  570M  1.4G  30% /
tmpfs           2.0G  8.0K  2.0G   1% /dev/shm
tmpfs           1.0M     0  1.0M   0% /run/credentials/systemd-journald.service
tmpfs           5.0M  8.0K  5.0M   1% /run/lock
tmpfs           1.0M     0  1.0M   0% /run/credentials/systemd-resolved.service
tmpfs           2.0G  8.0K  2.0G   1% /tmp
tmpfs           392M  168K  392M   1% /run/user/1000
------------------------
Disk Report - Thu Sep 25 12:15:01 UTC 2025
Filesystem      Size  Used Avail Use% Mounted on
tmpfs           392M  2.0M  390M   1% /run
/dev/sr0        5.9G  5.9G     0 100% /cdrom
/cow            2.0G  602M  1.4G  31% /
tmpfs           2.0G  8.0K  2.0G   1% /dev/shm
tmpfs           1.0M     0  1.0M   0% /run/credentials/systemd-journald.service
tmpfs           5.0M  8.0K  5.0M   1% /run/lock
tmpfs           1.0M     0  1.0M   0% /run/credentials/systemd-resolved.service
tmpfs           2.0G  8.0K  2.0G   1% /tmp
tmpfs           392M  164K  392M   1% /run/user/1000
------------------------
Disk Report - Thu Sep 25 12:20:02 UTC 2025
Filesystem      Size  Used Avail Use% Mounted on
tmpfs           392M  2.0M  390M   1% /run
/dev/sr0        5.9G  5.9G     0 100% /cdrom
/cow            2.0G  621M  1.4G  32% /
tmpfs           2.0G  8.0K  2.0G   1% /dev/shm
tmpfs           1.0M     0  1.0M   0% /run/credentials/systemd-journald.service
tmpfs           5.0M  8.0K  5.0M   1% /run/lock
tmpfs           1.0M     0  1.0M   0% /run/credentials/systemd-resolved.service
tmpfs           2.0G  8.0K  2.0G   1% /tmp
tmpfs           392M  160K  392M   1% /run/user/1000
------------------------
